mode: set
plans/cmd/internal/closer/closer.go:26.56,34.2 3 1
plans/cmd/internal/closer/closer.go:37.74,41.23 2 1
plans/cmd/internal/closer/closer.go:41.23,42.15 1 1
plans/cmd/internal/closer/closer.go:42.15,44.4 1 1
plans/cmd/internal/closer/closer.go:45.3,45.15 1 1
plans/cmd/internal/closer/closer.go:45.15,47.4 1 1
plans/cmd/internal/closer/closer.go:48.3,48.26 1 1
plans/cmd/internal/closer/closer.go:48.26,50.4 1 0
plans/cmd/internal/closer/closer.go:53.2,55.16 3 1
plans/cmd/internal/closer/closer.go:55.16,57.3 1 0
plans/cmd/internal/closer/closer.go:58.2,58.18 1 1
plans/cmd/internal/closer/closer.go:61.70,64.16 2 1
plans/cmd/internal/closer/closer.go:64.16,66.3 1 1
plans/cmd/internal/closer/closer.go:67.2,67.24 1 1
plans/cmd/internal/closer/closer.go:67.24,69.10 2 1
plans/cmd/internal/closer/closer.go:69.10,71.4 1 0
plans/cmd/internal/closer/closer.go:72.3,73.17 2 1
plans/cmd/internal/closer/closer.go:73.17,76.4 2 1
plans/cmd/internal/closer/closer.go:77.3,77.20 1 1
plans/cmd/internal/closer/closer.go:80.2,80.19 1 1
plans/cmd/internal/closer/closer.go:80.19,82.3 1 1
plans/cmd/internal/closer/closer.go:83.2,85.12 2 1
plans/cmd/internal/closer/closer.go:88.54,96.21 3 1
plans/cmd/internal/closer/closer.go:96.21,98.20 2 1
plans/cmd/internal/closer/closer.go:98.20,99.12 1 0
plans/cmd/internal/closer/closer.go:101.3,102.31 2 1
plans/cmd/internal/closer/closer.go:102.31,103.22 1 1
plans/cmd/internal/closer/closer.go:103.22,105.5 1 0
plans/cmd/internal/closer/closer.go:106.4,106.23 1 1
plans/cmd/internal/closer/closer.go:106.23,107.13 1 0
plans/cmd/internal/closer/closer.go:109.4,109.33 1 1
plans/cmd/internal/closer/closer.go:113.2,113.13 1 1
